<?xml version="1.0" encoding="UTF-8"?>
<testsuite name="edu.uoc.pac4.CharacterEqualsToStringTest" tests="2" skipped="0" failures="0" errors="0" timestamp="2022-05-07T08:27:35" hostname="DESKTOP-SGUIU9S" time="0.037">
  <properties/>
  <testcase name="testToString()" classname="edu.uoc.pac4.CharacterEqualsToStringTest" time="0.033"/>
  <testcase name="testEquals()" classname="edu.uoc.pac4.CharacterEqualsToStringTest" time="0.003"/>
  <system-out><![CDATA[]]></system-out>
  <system-err><![CDATA[]]></system-err>
</testsuite>
