<?xml version="1.0" encoding="UTF-8"?>
<testsuite name="edu.uoc.pac4.StreamTest" tests="3" skipped="0" failures="0" errors="0" timestamp="2022-05-07T09:27:38" hostname="DESKTOP-SGUIU9S" time="0.016">
  <properties/>
  <testcase name="testResurrectAllTheDead()" classname="edu.uoc.pac4.StreamTest" time="0.007"/>
  <testcase name="testAverageLevelGroup()" classname="edu.uoc.pac4.StreamTest" time="0.007"/>
  <testcase name="testGetMagesWithManaGreaterThanAndOrderByName()" classname="edu.uoc.pac4.StreamTest" time="0.002"/>
  <system-out><![CDATA[]]></system-out>
  <system-err><![CDATA[]]></system-err>
</testsuite>
