<?xml version="1.0" encoding="UTF-8"?>
<testsuite name="edu.uoc.pac4.CloneTest" tests="1" skipped="0" failures="0" errors="0" timestamp="2022-05-06T13:37:58" hostname="DESKTOP-SGUIU9S" time="0.022">
  <properties/>
  <testcase name="testClone()" classname="edu.uoc.pac4.CloneTest" time="0.022"/>
  <system-out><![CDATA[]]></system-out>
  <system-err><![CDATA[]]></system-err>
</testsuite>
