<?xml version="1.0" encoding="UTF-8"?>
<testsuite name="edu.uoc.pac4.BattlegroundTest" tests="5" skipped="0" failures="0" errors="0" timestamp="2022-05-07T08:46:37" hostname="DESKTOP-SGUIU9S" time="0.012">
  <properties/>
  <testcase name="testBattle1()" classname="edu.uoc.pac4.BattlegroundTest" time="0.003"/>
  <testcase name="testBattle2()" classname="edu.uoc.pac4.BattlegroundTest" time="0.002"/>
  <testcase name="testBattle3()" classname="edu.uoc.pac4.BattlegroundTest" time="0.001"/>
  <testcase name="testBattle4()" classname="edu.uoc.pac4.BattlegroundTest" time="0.002"/>
  <testcase name="testBattle5()" classname="edu.uoc.pac4.BattlegroundTest" time="0.003"/>
  <system-out><![CDATA[]]></system-out>
  <system-err><![CDATA[]]></system-err>
</testsuite>
