<?xml version="1.0" encoding="UTF-8"?>
<testsuite name="edu.uoc.pac4.GnomeMageTest" tests="5" skipped="0" failures="0" errors="0" timestamp="2022-05-07T08:46:37" hostname="DESKTOP-SGUIU9S" time="0.006">
  <properties/>
  <testcase name="Sanity - Methods definition" classname="edu.uoc.pac4.GnomeMageTest" time="0.001"/>
  <testcase name="testMage()" classname="edu.uoc.pac4.GnomeMageTest" time="0.001"/>
  <testcase name="testToString()" classname="edu.uoc.pac4.GnomeMageTest" time="0.001"/>
  <testcase name="testSpentMana()" classname="edu.uoc.pac4.GnomeMageTest" time="0.001"/>
  <testcase name="testGetMana()" classname="edu.uoc.pac4.GnomeMageTest" time="0.001"/>
  <system-out><![CDATA[]]></system-out>
  <system-err><![CDATA[]]></system-err>
</testsuite>
