<?xml version="1.0" encoding="UTF-8"?>
<testsuite name="edu.uoc.pac4.CharacterTest" tests="5" skipped="0" failures="0" errors="0" timestamp="2022-05-07T08:46:37" hostname="DESKTOP-SGUIU9S" time="0.008">
  <properties/>
  <testcase name="testCharacter()" classname="edu.uoc.pac4.CharacterTest" time="0.001"/>
  <testcase name="Sanity - Methods definition" classname="edu.uoc.pac4.CharacterTest" time="0.001"/>
  <testcase name="testCompareTo()" classname="edu.uoc.pac4.CharacterTest" time="0.003"/>
  <testcase name="testSetAttackPower()" classname="edu.uoc.pac4.CharacterTest" time="0.0"/>
  <testcase name="testGetAttackPower()" classname="edu.uoc.pac4.CharacterTest" time="0.0"/>
  <system-out><![CDATA[]]></system-out>
  <system-err><![CDATA[]]></system-err>
</testsuite>
